<?xml version="1.0" encoding="UTF-8"?>
<!-- Generated by org.testng.reporters.JUnitReportReporter -->
<testsuite skipped="0" hostname="LAPTOP-5ICULF9D" name="com.inetBanking.testCases.TC_LoginDDT_002" tests="2" failures="0" timestamp="2021-04-19T17:52:21 IST" time="12.704" errors="0">
  <testcase name="loginDDT" time="6.272" classname="com.inetBanking.testCases.TC_LoginDDT_002"/>
  <system-out/>
  <testcase name="loginDDT" time="6.432" classname="com.inetBanking.testCases.TC_LoginDDT_002"/>
  <system-out/>
</testsuite> <!-- com.inetBanking.testCases.TC_LoginDDT_002 -->
