<?xml version="1.0" encoding="UTF-8"?>
<!-- Generated by org.testng.reporters.JUnitReportReporter -->
<testsuite skipped="0" hostname="LAPTOP-5ICULF9D" name="com.inetBanking.testCases.TC_AddCustomerTest_003" tests="1" failures="0" timestamp="2021-04-22T21:11:46 IST" time="18.462" errors="0">
  <testcase name="addNewCustomer" time="18.462" classname="com.inetBanking.testCases.TC_AddCustomerTest_003"/>
  <system-out/>
</testsuite> <!-- com.inetBanking.testCases.TC_AddCustomerTest_003 -->
