<?xml version="1.0" encoding="UTF-8"?>
<!-- Generated by org.testng.reporters.JUnitReportReporter -->
<testsuite skipped="0" hostname="LAPTOP-5ICULF9D" name="com.inetBanking.testCases.TC_LoginTest_001" tests="1" failures="0" timestamp="2021-04-22T21:11:46 IST" time="1.518" errors="0">
  <testcase name="loginTest" time="1.518" classname="com.inetBanking.testCases.TC_LoginTest_001"/>
  <system-out/>
</testsuite> <!-- com.inetBanking.testCases.TC_LoginTest_001 -->
